<?xml version="1.0" encoding="UTF-8"?>
<testng-results skipped="0" failed="0" ignored="0" total="1" passed="1">
  <reporter-output>
  </reporter-output>
  <suite name="Default suite" duration-ms="2364" started-at="2018-12-03T17:10:48Z" finished-at="2018-12-03T17:10:50Z">
    <groups>
    </groups>
    <test name="Default test" duration-ms="2364" started-at="2018-12-03T17:10:48Z" finished-at="2018-12-03T17:10:50Z">
      <class name="org.testing.testCases.TC3">
        <test-method status="PASS" signature="testCase1()[pri:0, instance:org.testing.testCases.TC3@1753acfe]" name="testCase1" duration-ms="2333" started-at="2018-12-03T22:40:48Z" finished-at="2018-12-03T22:40:50Z">
          <reporter-output>
          </reporter-output>
        </test-method> <!-- testCase1 -->
      </class> <!-- org.testing.testCases.TC3 -->
    </test> <!-- Default test -->
  </suite> <!-- Default suite -->
</testng-results>
